<?xml version="1.0" encoding="UTF-8"?>
<testsuite name="DS2Test" tests="10" skipped="0" failures="3" errors="0" timestamp="2016-11-24T22:47:26" hostname="MacBook-Pro-van-Kwame.local" time="1.235">
  <properties/>
  <testcase name="testBasicRecursiveRodNonIncreasing" classname="DS2Test" time="0.015"/>
  <testcase name="testSimpleDynamicRod" classname="DS2Test" time="0.001"/>
  <testcase name="testSimpleMatrix" classname="DS2Test" time="0.001">
    <failure message="java.lang.ArrayIndexOutOfBoundsException: 4" type="java.lang.ArrayIndexOutOfBoundsException">java.lang.ArrayIndexOutOfBoundsException: 4
	at Main.maxSumHorizontal(Main.java:74)
	at Main.matrix(Main.java:50)
	at DS2Test.testMatrix(DS2Test.java:33)
	at DS2Test.testSimpleMatrix(DS2Test.java:120)
	at sun.reflect.NativeMethodAccessorImpl.invoke0(Native Method)
	at sun.reflect.NativeMethodAccessorImpl.invoke(NativeMethodAccessorImpl.java:62)
	at sun.reflect.DelegatingMethodAccessorImpl.invoke(DelegatingMethodAccessorImpl.java:43)
	at java.lang.reflect.Method.invoke(Method.java:498)
	at org.junit.runners.model.FrameworkMethod$1.runReflectiveCall(FrameworkMethod.java:47)
	at org.junit.internal.runners.model.ReflectiveCallable.run(ReflectiveCallable.java:12)
	at org.junit.runners.model.FrameworkMethod.invokeExplosively(FrameworkMethod.java:44)
	at org.junit.internal.runners.statements.InvokeMethod.evaluate(InvokeMethod.java:17)
	at org.junit.internal.runners.statements.FailOnTimeout$StatementThread.run(FailOnTimeout.java:74)
</failure>
  </testcase>
  <testcase name="testSimpleRecursiveRod" classname="DS2Test" time="0.0"/>
  <testcase name="testBasicDynamicRodIncreasing" classname="DS2Test" time="0.004"/>
  <testcase name="testEmptyMatrix" classname="DS2Test" time="0.0">
    <failure message="java.lang.ArrayIndexOutOfBoundsException: 0" type="java.lang.ArrayIndexOutOfBoundsException">java.lang.ArrayIndexOutOfBoundsException: 0
	at Main.matrix(Main.java:47)
	at DS2Test.testMatrix(DS2Test.java:33)
	at DS2Test.testEmptyMatrix(DS2Test.java:128)
	at sun.reflect.NativeMethodAccessorImpl.invoke0(Native Method)
	at sun.reflect.NativeMethodAccessorImpl.invoke(NativeMethodAccessorImpl.java:62)
	at sun.reflect.DelegatingMethodAccessorImpl.invoke(DelegatingMethodAccessorImpl.java:43)
	at java.lang.reflect.Method.invoke(Method.java:498)
	at org.junit.runners.model.FrameworkMethod$1.runReflectiveCall(FrameworkMethod.java:47)
	at org.junit.internal.runners.model.ReflectiveCallable.run(ReflectiveCallable.java:12)
	at org.junit.runners.model.FrameworkMethod.invokeExplosively(FrameworkMethod.java:44)
	at org.junit.internal.runners.statements.InvokeMethod.evaluate(InvokeMethod.java:17)
	at org.junit.internal.runners.statements.FailOnTimeout$StatementThread.run(FailOnTimeout.java:74)
</failure>
  </testcase>
  <testcase name="testNegativeMatrix" classname="DS2Test" time="0.0"/>
  <testcase name="testBasicDynamicRodNonIncreasing" classname="DS2Test" time="0.002"/>
  <testcase name="testLargeMatrix" classname="DS2Test" time="1.209">
    <failure message="java.lang.ArrayIndexOutOfBoundsException: 1000" type="java.lang.ArrayIndexOutOfBoundsException">java.lang.ArrayIndexOutOfBoundsException: 1000
	at Main.maxSumHorizontal(Main.java:74)
	at Main.matrix(Main.java:50)
	at DS2Test.testMatrix(DS2Test.java:33)
	at DS2Test.testMatrixInputFile(DS2Test.java:56)
	at DS2Test.testLargeMatrix(DS2Test.java:143)
	at sun.reflect.NativeMethodAccessorImpl.invoke0(Native Method)
	at sun.reflect.NativeMethodAccessorImpl.invoke(NativeMethodAccessorImpl.java:62)
	at sun.reflect.DelegatingMethodAccessorImpl.invoke(DelegatingMethodAccessorImpl.java:43)
	at java.lang.reflect.Method.invoke(Method.java:498)
	at org.junit.runners.model.FrameworkMethod$1.runReflectiveCall(FrameworkMethod.java:47)
	at org.junit.internal.runners.model.ReflectiveCallable.run(ReflectiveCallable.java:12)
	at org.junit.runners.model.FrameworkMethod.invokeExplosively(FrameworkMethod.java:44)
	at org.junit.internal.runners.statements.InvokeMethod.evaluate(InvokeMethod.java:17)
	at org.junit.internal.runners.statements.FailOnTimeout$StatementThread.run(FailOnTimeout.java:74)
</failure>
  </testcase>
  <testcase name="testBasicRecursiveRodIncreasing" classname="DS2Test" time="0.001"/>
  <system-out><![CDATA[]]></system-out>
  <system-err><![CDATA[]]></system-err>
</testsuite>
